<?xml version="1.0" encoding="UTF-8"?>
<!-- Generated by org.testng.reporters.JUnitReportReporter -->
<testsuite hostname="DESKTOP-BTK107U" failures="0" tests="1" name="Test.Screenshot" time="31.631" errors="0" timestamp="2023-10-07T10:21:22 IST" skipped="0">
  <testcase classname="Test.Screenshot" name="testcase1" time="31.631"/>
</testsuite> <!-- Test.Screenshot -->
