<?xml version="1.0" encoding="UTF-8"?>
<!-- Generated by org.testng.reporters.JUnitReportReporter -->
<testsuite hostname="DESKTOP-BTK107U" failures="0" tests="1" name="Testng.One" time="0.003" errors="0" timestamp="2023-09-11T13:44:44 IST" skipped="0">
  <testcase classname="Testng.One" name="testcase" time="0.003"/>
</testsuite> <!-- Testng.One -->
