<?xml version="1.0" encoding="UTF-8"?>
<!-- Generated by org.testng.reporters.JUnitReportReporter -->
<testsuite hostname="DESKTOP-BTK107U" failures="0" tests="3" name="Testng.Five" time="0.059" errors="0" timestamp="2023-09-11T19:21:25 IST" skipped="0">
  <testcase classname="Testng.Five" name="logout" time="0.005"/>
  <testcase classname="Testng.Five" name="login" time="0.006"/>
  <testcase classname="Testng.Five" name="Run" time="0.048"/>
</testsuite> <!-- Testng.Five -->
