<?xml version="1.0" encoding="UTF-8"?>
<!-- Generated by org.testng.reporters.JUnitReportReporter -->
<testsuite hostname="DESKTOP-BTK107U" failures="0" tests="1" name="Listeners.Testcase1" time="13.730" errors="0" timestamp="2023-10-11T14:45:10 IST" skipped="0">
  <testcase classname="Listeners.Testcase1" name="testcase1" time="13.730">
    <system-out>
      <![CDATA[My test has started
My test has Successsed]]>
    </system-out>
  </testcase> <!-- testcase1 -->
  <system-out>
    <![CDATA[My test has started
My test has Successsed]]>
  </system-out>
</testsuite> <!-- Listeners.Testcase1 -->
