<?xml version="1.0" encoding="UTF-8"?>
<!-- Generated by org.testng.reporters.JUnitReportReporter -->
<testsuite hostname="DESKTOP-BTK107U" failures="0" tests="5" name="Test.Launch_Browser" time="81.859" errors="0" timestamp="2023-10-07T11:50:10 IST" skipped="0">
  <testcase classname="Test.Launch_Browser" name="test3" time="11.861"/>
  <testcase classname="Test.Launch_Browser" name="test1" time="17.729"/>
  <testcase classname="Test.Launch_Browser" name="test5" time="19.075"/>
  <testcase classname="Test.Launch_Browser" name="test4" time="16.905"/>
  <testcase classname="Test.Launch_Browser" name="test2" time="16.289"/>
</testsuite> <!-- Test.Launch_Browser -->
