<?xml version="1.0" encoding="UTF-8"?>
<!-- Generated by org.testng.reporters.JUnitReportReporter -->
<testsuite hostname="DESKTOP-BTK107U" failures="0" tests="3" name="Test.Grouping" time="0.025" errors="0" timestamp="2023-10-16T22:59:13 IST" skipped="0">
  <testcase classname="Test.Grouping" name="scenario1" time="0.019"/>
  <testcase classname="Test.Grouping" name="scenario2" time="0.002"/>
  <testcase classname="Test.Grouping" name="scenario3" time="0.004"/>
</testsuite> <!-- Test.Grouping -->
