<?xml version="1.0" encoding="UTF-8"?>
<!-- Generated by org.testng.reporters.JUnitReportReporter -->
<testsuite hostname="DESKTOP-BTK107U" failures="0" tests="1" name="Payment.Url_class" time="44.707" errors="0" timestamp="2023-11-06T22:42:12 IST" skipped="0">
  <testcase classname="Payment.Url_class" name="link" time="44.707"/>
</testsuite> <!-- Payment.Url_class -->
