<?xml version="1.0" encoding="UTF-8"?>
<!-- Generated by org.testng.reporters.JUnitReportReporter -->
<testsuite hostname="DESKTOP-BTK107U" failures="0" tests="2" name="Testng.Three" time="0.021" errors="0" timestamp="2023-09-11T13:45:24 IST" skipped="0">
  <testcase classname="Testng.Three" name="Login" time="0.017"/>
  <testcase classname="Testng.Three" name="Run" time="0.004"/>
</testsuite> <!-- Testng.Three -->
