<?xml version="1.0" encoding="UTF-8"?>
<!-- Generated by org.testng.reporters.JUnitReportReporter -->
<testsuite hostname="DESKTOP-BTK107U" failures="0" tests="1" name="Annotations.Sample1" time="27.182" errors="0" timestamp="2023-09-24T21:24:56 IST" skipped="0">
  <testcase classname="Annotations.Sample1" name="testcase1" time="27.182"/>
</testsuite> <!-- Annotations.Sample1 -->
