<?xml version="1.0" encoding="UTF-8"?>
<!-- Generated by org.testng.reporters.JUnitReportReporter -->
<testsuite hostname="DESKTOP-BTK107U" failures="0" tests="1" name="Listeners.Assert" time="21.215" errors="0" timestamp="2023-10-28T16:56:00 IST" skipped="0">
  <testcase classname="Listeners.Assert" name="testcase" time="21.215"/>
</testsuite> <!-- Listeners.Assert -->
