<?xml version="1.0" encoding="UTF-8"?>
<!-- Generated by org.testng.reporters.JUnitReportReporter -->
<testsuite hostname="DESKTOP-BTK107U" failures="0" tests="1" name="Test.DoubleClick" time="16.867" errors="0" timestamp="2023-10-07T22:48:02 IST" skipped="0">
  <testcase classname="Test.DoubleClick" name="test" time="16.867"/>
</testsuite> <!-- Test.DoubleClick -->
