<?xml version="1.0" encoding="UTF-8"?>
<!-- Generated by org.testng.reporters.JUnitReportReporter -->
<testsuite hostname="DESKTOP-BTK107U" failures="0" tests="1" name="Test.RightClick" time="21.296" errors="0" timestamp="2023-10-07T23:09:55 IST" skipped="0">
  <testcase classname="Test.RightClick" name="rightclickaction" time="21.296"/>
</testsuite> <!-- Test.RightClick -->
