<?xml version="1.0" encoding="UTF-8"?>
<!-- Generated by org.testng.reporters.JUnitReportReporter -->
<testsuite hostname="DESKTOP-BTK107U" failures="0" tests="1" name="Testng.Math_Class" time="0.027" errors="0" timestamp="2023-09-16T14:10:30 IST" skipped="0">
  <testcase classname="Testng.Math_Class" name="scenario1" time="0.027"/>
</testsuite> <!-- Testng.Math_Class -->
