<?xml version="1.0" encoding="UTF-8"?>
<!-- Generated by org.testng.reporters.JUnitReportReporter -->
<testsuite hostname="DESKTOP-BTK107U" failures="0" tests="1" name="IRetry_Analyzer.TestCase_1" time="7.796" errors="0" timestamp="2023-10-11T14:35:33 IST" skipped="0">
  <testcase classname="IRetry_Analyzer.TestCase_1" name="sample" time="7.796"/>
</testsuite> <!-- IRetry_Analyzer.TestCase_1 -->
