<?xml version="1.0" encoding="UTF-8"?>
<!-- Generated by org.testng.reporters.JUnitReportReporter -->
<testsuite hostname="DESKTOP-BTK107U" failures="0" tests="3" name="Testng.Four" time="0.033" errors="0" timestamp="2023-09-11T13:53:01 IST" skipped="0">
  <testcase classname="Testng.Four" name="logout" time="0.003"/>
  <testcase classname="Testng.Four" name="Run" time="0.020"/>
  <testcase classname="Testng.Four" name="login" time="0.010"/>
</testsuite> <!-- Testng.Four -->
